0 info it worked if it ends with ok
1 verbose cli [ 'node',
1 verbose cli   '/usr/local/bin/npm',
1 verbose cli   'publish',
1 verbose cli   '--registry=https://registry.npmjs.org' ]
2 info using npm@1.4.16
3 info using node@v0.10.29
4 verbose publish [ '.' ]
5 verbose cache add [ '.', null ]
6 verbose cache add name=undefined spec="." args=[".",null]
7 verbose parsed url { protocol: null,
7 verbose parsed url   slashes: null,
7 verbose parsed url   auth: null,
7 verbose parsed url   host: null,
7 verbose parsed url   port: null,
7 verbose parsed url   hostname: null,
7 verbose parsed url   hash: null,
7 verbose parsed url   search: null,
7 verbose parsed url   query: null,
7 verbose parsed url   pathname: '.',
7 verbose parsed url   path: '.',
7 verbose parsed url   href: '.' }
8 silly lockFile 3a52ce78- .
9 verbose lock . /Users/tangmonk/.npm/3a52ce78-.lock
10 verbose tar pack [ '/Users/tangmonk/.npm/mongoose-password/0.0.0/package.tgz',
10 verbose tar pack   '.' ]
11 verbose tarball /Users/tangmonk/.npm/mongoose-password/0.0.0/package.tgz
12 verbose folder .
13 info prepublish mongoose-password@0.0.0
14 silly lockFile 1f1177db-tar tar://.
15 verbose lock tar://. /Users/tangmonk/.npm/1f1177db-tar.lock
16 silly lockFile c6b1f4d0-goose-password-0-0-0-package-tgz tar:///Users/tangmonk/.npm/mongoose-password/0.0.0/package.tgz
17 verbose lock tar:///Users/tangmonk/.npm/mongoose-password/0.0.0/package.tgz /Users/tangmonk/.npm/c6b1f4d0-goose-password-0-0-0-package-tgz.lock
18 silly lockFile 1f1177db-tar tar://.
19 silly lockFile 1f1177db-tar tar://.
20 silly lockFile c6b1f4d0-goose-password-0-0-0-package-tgz tar:///Users/tangmonk/.npm/mongoose-password/0.0.0/package.tgz
21 silly lockFile c6b1f4d0-goose-password-0-0-0-package-tgz tar:///Users/tangmonk/.npm/mongoose-password/0.0.0/package.tgz
22 silly lockFile 6217f55a--mongoose-password-0-0-0-package /Users/tangmonk/.npm/mongoose-password/0.0.0/package
23 verbose lock /Users/tangmonk/.npm/mongoose-password/0.0.0/package /Users/tangmonk/.npm/6217f55a--mongoose-password-0-0-0-package.lock
24 silly lockFile 6217f55a--mongoose-password-0-0-0-package /Users/tangmonk/.npm/mongoose-password/0.0.0/package
25 silly lockFile 6217f55a--mongoose-password-0-0-0-package /Users/tangmonk/.npm/mongoose-password/0.0.0/package
26 silly lockFile 3a52ce78- .
27 silly lockFile 3a52ce78- .
28 silly publish { name: 'mongoose-password',
28 silly publish   version: '0.0.0',
28 silly publish   description: 'user password encrypt and validate',
28 silly publish   main: 'index.js',
28 silly publish   dependencies: { 'bcrypt-nodejs': '^0.0.3', mongoose: '^3.8.13' },
28 silly publish   devDependencies: { mocha: '^1.20.1', should: '^4.0.4' },
28 silly publish   scripts: { test: 'mocha' },
28 silly publish   keywords: [ 'mongoose', 'password' ],
28 silly publish   author: { name: 'tangmonk' },
28 silly publish   license: 'ISC',
28 silly publish   readme: '# mongoose-password\n\n```js\nvar UserSchema = new Schema({\n    name: String\n});\nUserSchema.plugin(mongoose_password);\n\nUser.create({name: "name", password: "123"}, function(err, user){\n    user.comparePassword(\'123\').should.be.true;\n})\n```',
28 silly publish   readmeFilename: 'readme.md',
28 silly publish   gitHead: '5a5a800b2d2b823f85c6f8266a2d50e049498e25',
28 silly publish   _id: 'mongoose-password@0.0.0',
28 silly publish   _shasum: '1fb39bac196a8abd3d95e6188131006da7260595',
28 silly publish   _from: '.' }
29 verbose request where is /mongoose-password
30 verbose request registry https://registry.npmjs.org/
31 verbose request id 373820d82b041b77
32 verbose url raw /mongoose-password
33 verbose url resolving [ 'https://registry.npmjs.org/', './mongoose-password' ]
34 verbose url resolved https://registry.npmjs.org/mongoose-password
35 verbose request where is https://registry.npmjs.org/mongoose-password
36 info trying registry request attempt 1 at 09:35:01
37 http PUT https://registry.npmjs.org/mongoose-password
38 http 403 https://registry.npmjs.org/mongoose-password
39 verbose headers { date: 'Fri, 18 Jul 2014 01:35:01 GMT',
39 verbose headers   server: 'CouchDB/1.5.0 (Erlang OTP/R14B04)',
39 verbose headers   'content-type': 'application/json',
39 verbose headers   'cache-control': 'max-age=60',
39 verbose headers   'content-length': '2496',
39 verbose headers   'accept-ranges': 'bytes',
39 verbose headers   via: '1.1 varnish',
39 verbose headers   'x-served-by': 'cache-ty68-TYO',
39 verbose headers   'x-cache': 'MISS',
39 verbose headers   'x-cache-hits': '0',
39 verbose headers   'x-timer': 'S1405647300.906428,VS0,VE460',
39 verbose headers   'keep-alive': 'timeout=10, max=50',
39 verbose headers   connection: 'Keep-Alive' }
40 error publish Failed PUT 403
41 error Error: forbidden cannot modify pre-existing version: 0.0.0
41 error old={"name":"mongoose-password","version":"0.0.0","description":"Mongoose plugin adding a bcrypt password field to a model","main":"index.coffee","scripts":{"test":"make test"},"repository":{"type":"git","url":"https://github.com/gulthor/mongoose-password.git"},"keywords":["mongoose","password","bcrypt"],"author":{"name":"Jean-Baptiste Musso","email":"jbmusso+github@gmail.com","url":"https://github.com/gulthor"},"license":"MIT","bugs":{"url":"https://github.com/gulthor/mongoose-password/issues"},"dependencies":{"bcrypt":"~0.7.7"},"readme":"mongoose-password\u000a=================\u000a\u000aMongoose plugin adding a bcrypt password field to a model\u000a","readmeFilename":"README.md","_id":"mongoose-password@0.0.0","dist":{"shasum":"20b06fcc327cde8527cd67ba82e865ec43afe7ef","tarball":"http://registry.npmjs.org/mongoose-password/-/mongoose-password-0.0.0.tgz"},"_from":".","_npmVersion":"1.2.32","_npmUser":{"name":"speciman","email":"speciman@gmail.com"},"maintainers":[{"name":"speciman","email":"speciman@gmail.com"}]}
41 error new={"name":"mongoose-password","version":"0.0.0","description":"user password encrypt and validate","main":"index.js","dependencies":{"bcrypt-nodejs":"^0.0.3","mongoose":"^3.8.13"},"devDependencies":{"mocha":"^1.20.1","should":"^4.0.4"},"scripts":{"test":"mocha"},"keywords":["mongoose","password"],"author":{"name":"tangmonk"},"license":"ISC","readme":"# mongoose-password\u000a\u000a```js\u000avar UserSchema = new Schema({\u000a    name: String\u000a});\u000aUserSchema.plugin(mongoose_password);\u000a\u000aUser.create({name: \"name\", password: \"123\"}, function(err, user){\u000a    user.comparePassword('123').should.be.true;\u000a})\u000a```","readmeFilename":"readme.md","gitHead":"5a5a800b2d2b823f85c6f8266a2d50e049498e25","_id":"mongoose-password@0.0.0","_shasum":"1fb39bac196a8abd3d95e6188131006da7260595","_from":".","_npmVersion":"1.4.16","_npmUser":{"name":"tangmonk","email":"wytwyt02@gmail.com"},"maintainers":[{"name":"tangmonk","email":"wytwyt02@gmail.com"}],"dist":{"shasum":"1fb39bac196a8abd3d95e6188131006da7260595","tarball":"http://registry.npmjs.org/mongoose-password/-/mongoose-password-0.0.0.tgz"}}: mongoose-password
41 error     at RegClient.<anonymous> (/usr/local/lib/node_modules/npm/node_modules/npm-registry-client/lib/request.js:300:14)
41 error     at Request._callback (/usr/local/lib/node_modules/npm/node_modules/npm-registry-client/lib/request.js:238:65)
41 error     at Request.self.callback (/usr/local/lib/node_modules/npm/node_modules/request/request.js:123:22)
41 error     at Request.emit (events.js:98:17)
41 error     at Request.<anonymous> (/usr/local/lib/node_modules/npm/node_modules/request/request.js:893:14)
41 error     at Request.emit (events.js:117:20)
41 error     at IncomingMessage.<anonymous> (/usr/local/lib/node_modules/npm/node_modules/request/request.js:844:12)
41 error     at IncomingMessage.emit (events.js:117:20)
41 error     at _stream_readable.js:929:16
41 error     at process._tickCallback (node.js:419:13)
42 error If you need help, you may report this *entire* log,
42 error including the npm and node versions, at:
42 error     <http://github.com/npm/npm/issues>
43 error System Darwin 13.3.0
44 error command "node" "/usr/local/bin/npm" "publish" "--registry=https://registry.npmjs.org"
45 error cwd /Users/tangmonk/mygit/Github/mongoose-password
46 error node -v v0.10.29
47 error npm -v 1.4.16
48 verbose exit [ 1, true ]
